[02:38:42] [Server thread/INFO]: Starting minecraft server version 1.8.9
[02:38:44] [Server thread/INFO]: Loading properties
[02:38:44] [Server thread/INFO]: Default game type: SURVIVAL
[02:38:44] [Server thread/INFO]: Generating keypair
[02:38:44] [Server thread/INFO]: Starting Minecraft server on *:25565
[02:38:44] [Server thread/INFO]: Using epoll channel type
[02:38:44] [Server thread/WARN]: **** SERVER IS RUNNING IN OFFLINE/INSECURE MODE!
[02:38:44] [Server thread/WARN]: The server will make no attempt to authenticate usernames. Beware.
[02:38:44] [Server thread/WARN]: While this makes the game possible to play without internet access, it also opens up the ability for hackers to connect with any username they choose.
[02:38:44] [Server thread/WARN]: To change this, set "online-mode" to "true" in the server.properties file.
[02:38:46] [Server thread/WARN]: Adding mismatching tag types to tag list
[02:38:46] [Server thread/WARN]: Adding mismatching tag types to tag list
[02:38:46] [Server thread/WARN]: Adding mismatching tag types to tag list
[02:38:46] [Server thread/WARN]: Adding mismatching tag types to tag list
[02:38:46] [Server thread/WARN]: Adding mismatching tag types to tag list
[02:38:46] [Server thread/WARN]: Adding mismatching tag types to tag list
[02:38:47] [Server thread/INFO]: Preparing level "world"
[02:38:50] [Server thread/INFO]: Preparing start region for level 0
[02:38:50] [Server thread/INFO]: Done (3.883s)! For help, type "help" or "?"
[02:38:51] [Server thread/INFO]: [@: 24 blocks filled]
[02:38:52] [Server thread/INFO]: [@: 24 blocks filled]
[02:38:54] [Server thread/INFO]: [@: 24 blocks filled]
[02:38:55] [Server thread/INFO]: [@: 24 blocks filled]
[02:38:56] [Server thread/INFO]: [@: 24 blocks filled]
[02:38:57] [Server thread/INFO]: [@: 24 blocks filled]
[02:38:58] [Server thread/INFO]: [@: 24 blocks filled]
[02:39:00] [Server thread/INFO]: [@: 24 blocks filled]
[02:39:01] [Server thread/INFO]: [@: 24 blocks filled]
[02:39:02] [Server thread/INFO]: [@: 24 blocks filled]
[02:39:03] [Server thread/INFO]: [@: 24 blocks filled]
[02:39:04] [Server thread/INFO]: [@: 24 blocks filled]
[02:39:06] [Server thread/INFO]: [@: 24 blocks filled]
[02:39:07] [Server thread/INFO]: [@: 24 blocks filled]
[02:39:08] [Server thread/INFO]: [@: 24 blocks filled]
[02:39:09] [Server thread/INFO]: [@: 24 blocks filled]
[02:39:10] [Server thread/INFO]: [@: 24 blocks filled]
[02:39:11] [Server thread/INFO]: bb18_[/127.0.0.1:55002] logged in with entity id 12 at (400.43527746398655, 30.5012348810597, -584.7759151265687)
[02:39:11] [Server thread/INFO]: bb18_ joined the game
[02:39:12] [Server thread/INFO]: [@: 24 blocks filled]
[02:39:13] [Server thread/INFO]: [@: 24 blocks filled]
[02:39:14] [Server thread/INFO]: [@: 24 blocks filled]
[02:39:15] [Server thread/INFO]: [@: 24 blocks filled]
[02:39:16] [Server thread/INFO]: [@: 24 blocks filled]
[02:39:18] [Server thread/INFO]: [@: 24 blocks filled]
[02:39:18] [Server thread/INFO]: Foxyfolli[/127.0.0.1:33050] logged in with entity id 13 at (268.5, 1.0, -594.5)
[02:39:18] [Server thread/INFO]: Foxyfolli joined the game
[02:39:19] [Server thread/INFO]: [@: 24 blocks filled]
[02:39:20] [Server thread/INFO]: [@: 24 blocks filled]
[02:39:21] [Server thread/INFO]: [@: 24 blocks filled]
[02:39:22] [Server thread/INFO]: [@: 24 blocks filled]
[02:39:24] [Server thread/INFO]: [@: 24 blocks filled]
[02:39:25] [Server thread/INFO]: [@: 24 blocks filled]
[02:39:26] [Server thread/INFO]: [@: 24 blocks filled]
[02:39:27] [Server thread/INFO]: [@: 24 blocks filled]
[02:39:28] [Server thread/INFO]: [@: 24 blocks filled]
[02:39:30] [Server thread/INFO]: [@: 24 blocks filled]
[02:39:31] [Server thread/INFO]: [@: 24 blocks filled]
[02:39:32] [Server thread/INFO]: [@: 24 blocks filled]
[02:39:33] [Server thread/INFO]: [@: 24 blocks filled]
[02:39:34] [Server thread/INFO]: [@: 24 blocks filled]
[02:39:36] [Server thread/INFO]: [@: 24 blocks filled]
[02:39:37] [Server thread/INFO]: [@: 24 blocks filled]
[02:39:38] [Server thread/INFO]: [@: 24 blocks filled]
[02:39:39] [Server thread/INFO]: [@: 24 blocks filled]
[02:39:40] [Server thread/INFO]: [@: 24 blocks filled]
[02:39:42] [Server thread/INFO]: [@: 24 blocks filled]
[02:39:43] [Server thread/INFO]: [@: 24 blocks filled]
[02:39:44] [Server thread/INFO]: [@: 24 blocks filled]
[02:39:45] [Server thread/INFO]: [@: 24 blocks filled]
[02:39:46] [Server thread/INFO]: [@: 24 blocks filled]
[02:39:48] [Server thread/INFO]: [@: 24 blocks filled]
[02:39:49] [Server thread/INFO]: [@: 24 blocks filled]
[02:39:50] [Server thread/INFO]: [@: 24 blocks filled]
[02:39:51] [Server thread/INFO]: [@: 24 blocks filled]
[02:39:52] [Server thread/INFO]: [@: 24 blocks filled]
[02:39:54] [Server thread/INFO]: [@: 24 blocks filled]
[02:39:55] [Server thread/INFO]: [@: 24 blocks filled]
[02:39:56] [Server thread/INFO]: [@: 24 blocks filled]
[02:39:57] [Server thread/INFO]: [bb18_: Teleported Foxyfolli to bb18_]
[02:39:57] [Server thread/INFO]: [@: 24 blocks filled]
[02:39:58] [Server thread/INFO]: [@: 24 blocks filled]
[02:40:00] [Server thread/INFO]: [@: 24 blocks filled]
[02:40:01] [Server thread/INFO]: [@: 24 blocks filled]
[02:40:02] [Server thread/INFO]: [@: 24 blocks filled]
[02:40:03] [Server thread/INFO]: [@: 24 blocks filled]
[02:40:04] [Server thread/INFO]: [@: 24 blocks filled]
[02:40:06] [Server thread/INFO]: [@: 24 blocks filled]
[02:40:07] [Server thread/INFO]: [@: 24 blocks filled]
[02:40:08] [Server thread/INFO]: [@: 24 blocks filled]
[02:40:09] [Server thread/INFO]: [@: 24 blocks filled]
[02:40:10] [Server thread/INFO]: [@: 24 blocks filled]
[02:40:12] [Server thread/INFO]: [@: 24 blocks filled]
[02:40:13] [Server thread/INFO]: [@: 24 blocks filled]
[02:40:14] [Server thread/INFO]: [@: 24 blocks filled]
[02:40:15] [Server thread/INFO]: [@: 24 blocks filled]
[02:40:15] [Server thread/INFO]: Foxyfolli has just earned the achievement [Taking Inventory]
[02:40:16] [Server thread/INFO]: [@: 24 blocks filled]
[02:40:18] [Server thread/INFO]: [@: 24 blocks filled]
[02:40:19] [Server thread/INFO]: [@: 24 blocks filled]
[02:40:20] [Server thread/INFO]: [@: 24 blocks filled]
[02:40:21] [Server thread/INFO]: [@: 24 blocks filled]
[02:40:22] [Server thread/INFO]: [@: 24 blocks filled]
[02:40:24] [Server thread/INFO]: [@: 24 blocks filled]
[02:40:25] [Server thread/INFO]: [@: 24 blocks filled]
[02:40:26] [Server thread/INFO]: [@: 24 blocks filled]
[02:40:27] [Server thread/INFO]: [@: 24 blocks filled]
[02:40:28] [Server thread/INFO]: [@: 24 blocks filled]
[02:40:30] [Server thread/INFO]: [@: 24 blocks filled]
[02:40:31] [Server thread/INFO]: [@: 24 blocks filled]
[02:40:32] [Server thread/INFO]: [@: 24 blocks filled]
[02:40:33] [Server thread/INFO]: [@: 24 blocks filled]
[02:40:34] [Server thread/INFO]: [@: 24 blocks filled]
[02:40:36] [Server thread/INFO]: [@: 24 blocks filled]
[02:40:37] [Server thread/INFO]: [@: 24 blocks filled]
[02:40:38] [Server thread/INFO]: [@: 24 blocks filled]
[02:40:39] [Server thread/INFO]: [@: 24 blocks filled]
[02:40:40] [Server thread/INFO]: [@: 24 blocks filled]
[02:40:42] [Server thread/INFO]: [@: 24 blocks filled]
[02:40:43] [Server thread/INFO]: [@: 24 blocks filled]
[02:40:44] [Server thread/INFO]: [@: 24 blocks filled]
[02:40:45] [Server thread/INFO]: [@: 24 blocks filled]
[02:40:46] [Server thread/INFO]: [@: 24 blocks filled]
[02:40:48] [Server thread/INFO]: [@: 24 blocks filled]
[02:40:49] [Server thread/INFO]: [@: 24 blocks filled]
[02:40:50] [Server thread/INFO]: [@: 24 blocks filled]
[02:40:51] [Server thread/INFO]: [@: 24 blocks filled]
[02:40:52] [Server thread/INFO]: [@: 24 blocks filled]
[02:40:54] [Server thread/INFO]: [@: 24 blocks filled]
[02:40:55] [Server thread/INFO]: [@: 24 blocks filled]
[02:40:56] [Server thread/INFO]: [@: 24 blocks filled]
[02:40:57] [Server thread/INFO]: [@: 24 blocks filled]
[02:40:58] [Server thread/INFO]: [@: 24 blocks filled]
[02:41:00] [Server thread/INFO]: [@: 24 blocks filled]
[02:41:01] [Server thread/INFO]: [@: 24 blocks filled]
[02:41:02] [Server thread/INFO]: [@: 24 blocks filled]
[02:41:03] [Server thread/INFO]: [@: 24 blocks filled]
[02:41:04] [Server thread/INFO]: [@: 24 blocks filled]
[02:41:06] [Server thread/INFO]: [@: 24 blocks filled]
[02:41:07] [Server thread/INFO]: [@: 24 blocks filled]
[02:41:08] [Server thread/INFO]: [@: 24 blocks filled]
[02:41:09] [Server thread/INFO]: [@: 24 blocks filled]
[02:41:10] [Server thread/INFO]: [@: 24 blocks filled]
[02:41:12] [Server thread/INFO]: [@: 24 blocks filled]
[02:41:13] [Server thread/INFO]: [@: 24 blocks filled]
[02:41:14] [Server thread/INFO]: [@: 24 blocks filled]
[02:41:15] [Server thread/INFO]: [@: 24 blocks filled]
[02:41:16] [Server thread/INFO]: [@: 24 blocks filled]
[02:41:18] [Server thread/INFO]: [@: 24 blocks filled]
[02:41:19] [Server thread/INFO]: [@: 24 blocks filled]
[02:41:20] [Server thread/INFO]: [@: 24 blocks filled]
[02:41:21] [Server thread/INFO]: [@: 24 blocks filled]
[02:41:22] [Server thread/INFO]: [@: 24 blocks filled]
[02:41:24] [Server thread/INFO]: [@: 24 blocks filled]
[02:41:25] [Server thread/INFO]: [@: 24 blocks filled]
[02:41:26] [Server thread/INFO]: [@: 24 blocks filled]
[02:41:27] [Server thread/INFO]: [@: 24 blocks filled]
[02:41:28] [Server thread/INFO]: [@: 24 blocks filled]
[02:41:30] [Server thread/INFO]: [@: 24 blocks filled]
[02:41:31] [Server thread/INFO]: [@: 24 blocks filled]
[02:41:32] [Server thread/INFO]: [@: 24 blocks filled]
[02:41:33] [Server thread/INFO]: [@: 24 blocks filled]
[02:41:34] [Server thread/INFO]: [@: 24 blocks filled]
[02:41:36] [Server thread/INFO]: [@: 24 blocks filled]
[02:41:37] [Server thread/INFO]: [@: 24 blocks filled]
[02:41:38] [Server thread/INFO]: [@: 24 blocks filled]
[02:41:39] [Server thread/INFO]: [@: 24 blocks filled]
[02:41:40] [Server thread/INFO]: [@: 24 blocks filled]
[02:41:42] [Server thread/INFO]: [@: 24 blocks filled]
[02:41:43] [Server thread/INFO]: [@: 24 blocks filled]
[02:41:44] [Server thread/INFO]: [@: 24 blocks filled]
[02:41:45] [Server thread/INFO]: [@: 24 blocks filled]
[02:41:46] [Server thread/INFO]: [@: 24 blocks filled]
[02:41:48] [Server thread/INFO]: [@: 24 blocks filled]
[02:41:49] [Server thread/INFO]: [@: 24 blocks filled]
[02:41:50] [Server thread/INFO]: [@: 24 blocks filled]
[02:41:51] [Server thread/INFO]: [@: 24 blocks filled]
[02:41:52] [Server thread/INFO]: [@: 24 blocks filled]
[02:41:54] [Server thread/INFO]: [@: 24 blocks filled]
[02:41:55] [Server thread/INFO]: [@: 24 blocks filled]
[02:41:56] [Server thread/INFO]: [@: 24 blocks filled]
[02:41:57] [Server thread/INFO]: [@: 24 blocks filled]
[02:41:58] [Server thread/INFO]: [@: 24 blocks filled]
[02:42:00] [Server thread/INFO]: [@: 24 blocks filled]
[02:42:01] [Server thread/INFO]: [@: 24 blocks filled]
[02:42:02] [Server thread/INFO]: [@: 24 blocks filled]
[02:42:03] [Server thread/INFO]: [@: 24 blocks filled]
[02:42:04] [Server thread/INFO]: [@: 24 blocks filled]
[02:42:06] [Server thread/INFO]: [@: 24 blocks filled]
[02:42:07] [Server thread/INFO]: [@: 24 blocks filled]
[02:42:08] [Server thread/INFO]: [@: 24 blocks filled]
[02:42:09] [Server thread/INFO]: [@: 24 blocks filled]
[02:42:10] [Server thread/INFO]: [@: 24 blocks filled]
[02:42:12] [Server thread/INFO]: [@: 24 blocks filled]
[02:42:13] [Server thread/INFO]: [@: 24 blocks filled]
[02:42:14] [Server thread/INFO]: [@: 24 blocks filled]
[02:42:15] [Server thread/INFO]: [@: 24 blocks filled]
[02:42:16] [Server thread/INFO]: [@: 24 blocks filled]
[02:42:18] [Server thread/INFO]: [@: 24 blocks filled]
[02:42:19] [Server thread/INFO]: [@: 24 blocks filled]
[02:42:20] [Server thread/INFO]: [@: 24 blocks filled]
[02:42:21] [Server thread/INFO]: [@: 24 blocks filled]
[02:42:22] [Server thread/INFO]: [@: 24 blocks filled]
[02:42:24] [Server thread/INFO]: [@: 24 blocks filled]
[02:42:25] [Server thread/INFO]: [@: 24 blocks filled]
[02:42:26] [Server thread/INFO]: [@: 24 blocks filled]
[02:42:27] [Server thread/INFO]: [@: 24 blocks filled]
[02:42:28] [Server thread/INFO]: [@: 24 blocks filled]
[02:42:30] [Server thread/INFO]: [@: 24 blocks filled]
[02:42:31] [Server thread/INFO]: [@: 24 blocks filled]
[02:42:32] [Server thread/INFO]: [@: 24 blocks filled]
[02:42:33] [Server thread/INFO]: [@: 24 blocks filled]
[02:42:34] [Server thread/INFO]: [@: 24 blocks filled]
[02:42:36] [Server thread/INFO]: [@: 24 blocks filled]
[02:42:37] [Server thread/INFO]: [@: 24 blocks filled]
[02:42:38] [Server thread/INFO]: [@: 24 blocks filled]
[02:42:39] [Server thread/INFO]: [@: 24 blocks filled]
[02:42:40] [Server thread/INFO]: [@: 24 blocks filled]
[02:42:42] [Server thread/INFO]: [@: 24 blocks filled]
[02:42:43] [Server thread/INFO]: [@: 24 blocks filled]
[02:42:44] [Server thread/INFO]: [@: 24 blocks filled]
[02:42:45] [Server thread/INFO]: [@: 24 blocks filled]
[02:42:46] [Server thread/INFO]: [@: 24 blocks filled]
[02:42:48] [Server thread/INFO]: [@: 24 blocks filled]
[02:42:49] [Server thread/INFO]: [@: 24 blocks filled]
[02:42:50] [Server thread/INFO]: [@: 24 blocks filled]
[02:42:51] [Server thread/INFO]: [@: 24 blocks filled]
[02:42:52] [Server thread/INFO]: [@: 24 blocks filled]
[02:42:54] [Server thread/INFO]: [@: 24 blocks filled]
[02:42:55] [Server thread/INFO]: [@: 24 blocks filled]
[02:42:56] [Server thread/INFO]: [@: 24 blocks filled]
[02:42:57] [Server thread/INFO]: [@: 24 blocks filled]
[02:42:58] [Server thread/INFO]: [@: 24 blocks filled]
[02:43:00] [Server thread/INFO]: [@: 24 blocks filled]
[02:43:01] [Server thread/INFO]: [@: 24 blocks filled]
[02:43:02] [Server thread/INFO]: [@: 24 blocks filled]
[02:43:03] [Server thread/INFO]: [@: 24 blocks filled]
[02:43:04] [Server thread/INFO]: [@: 24 blocks filled]
[02:43:06] [Server thread/INFO]: [@: 24 blocks filled]
[02:43:07] [Server thread/INFO]: [@: 24 blocks filled]
[02:43:08] [Server thread/INFO]: [@: 24 blocks filled]
[02:43:09] [Server thread/INFO]: [@: Teleported Foxyfolli to 402.5, 28.0, -554.5]
[02:43:09] [Server thread/INFO]: [@: 24 blocks filled]
[02:43:10] [Server thread/INFO]: [@: 24 blocks filled]
[02:43:12] [Server thread/INFO]: [@: 24 blocks filled]
[02:43:12] [Server thread/INFO]: [@: Set Foxyfolli's spawn point to (400, 28, -555)]
[02:43:12] [Server thread/INFO]: [@: Set Foxyfolli's spawn point to (400, 28, -555)]
[02:43:13] [Server thread/INFO]: [bb18_: Teleported Foxyfolli to bb18_]
[02:43:13] [Server thread/INFO]: [@: 24 blocks filled]
[02:43:14] [Server thread/INFO]: [@: 24 blocks filled]
[02:43:15] [Server thread/INFO]: [@: 24 blocks filled]
[02:43:16] [Server thread/INFO]: [@: 24 blocks filled]
[02:43:18] [Server thread/INFO]: [@: 24 blocks filled]
[02:43:19] [Server thread/INFO]: [@: 24 blocks filled]
[02:43:20] [Server thread/INFO]: [@: 24 blocks filled]
[02:43:21] [Server thread/INFO]: [@: 24 blocks filled]
[02:43:22] [Server thread/INFO]: [@: 24 blocks filled]
[02:43:24] [Server thread/INFO]: [@: 24 blocks filled]
[02:43:25] [Server thread/INFO]: [@: 24 blocks filled]
[02:43:26] [Server thread/INFO]: [@: Teleported bb18_ to 402.5, 28.0, -554.5]
[02:43:26] [Server thread/INFO]: [@: 24 blocks filled]
[02:43:27] [Server thread/INFO]: [@: 24 blocks filled]
[02:43:28] [Server thread/INFO]: [@: 24 blocks filled]
[02:43:30] [Server thread/INFO]: [@: 24 blocks filled]
[02:43:30] [Server thread/INFO]: [bb18_: Teleported bb18_ to Foxyfolli]
[02:43:31] [Server thread/INFO]: [@: 24 blocks filled]
[02:43:32] [Server thread/INFO]: [@: 24 blocks filled]
[02:43:33] [Server thread/INFO]: [@: 24 blocks filled]
[02:43:34] [Server thread/INFO]: [@: 24 blocks filled]
[02:43:36] [Server thread/INFO]: [@: 24 blocks filled]
[02:43:37] [Server thread/INFO]: [@: 24 blocks filled]
[02:43:38] [Server thread/INFO]: [@: 24 blocks filled]
[02:43:39] [Server thread/INFO]: [@: 24 blocks filled]
[02:43:40] [Server thread/INFO]: [@: 24 blocks filled]
[02:43:42] [Server thread/INFO]: [@: 24 blocks filled]
[02:43:43] [Server thread/INFO]: [@: 24 blocks filled]
[02:43:44] [Server thread/INFO]: [@: 24 blocks filled]
[02:43:45] [Server thread/INFO]: [@: 24 blocks filled]
[02:43:46] [Server thread/INFO]: [@: 24 blocks filled]
[02:43:48] [Server thread/INFO]: [@: 24 blocks filled]
[02:43:49] [Server thread/INFO]: [@: 24 blocks filled]
[02:43:50] [Server thread/INFO]: [@: 24 blocks filled]
[02:43:51] [Server thread/INFO]: [@: 24 blocks filled]
[02:43:52] [Server thread/INFO]: [@: 24 blocks filled]
[02:43:54] [Server thread/INFO]: [@: 24 blocks filled]
[02:43:55] [Server thread/INFO]: [@: 24 blocks filled]
[02:43:56] [Server thread/INFO]: [@: 24 blocks filled]
[02:43:57] [Server thread/INFO]: [@: 24 blocks filled]
[02:43:58] [Server thread/INFO]: [@: 24 blocks filled]
[02:44:00] [Server thread/INFO]: [@: 24 blocks filled]
[02:44:01] [Server thread/INFO]: [@: 24 blocks filled]
[02:44:02] [Server thread/INFO]: [@: 24 blocks filled]
[02:44:03] [Server thread/INFO]: [@: 24 blocks filled]
[02:44:04] [Server thread/INFO]: [@: 24 blocks filled]
[02:44:06] [Server thread/INFO]: [@: 24 blocks filled]
[02:44:07] [Server thread/INFO]: [@: 24 blocks filled]
[02:44:08] [Server thread/INFO]: [@: 24 blocks filled]
[02:44:09] [Server thread/INFO]: [@: 24 blocks filled]
[02:44:10] [Server thread/INFO]: [@: 24 blocks filled]
[02:44:12] [Server thread/INFO]: [@: 24 blocks filled]
[02:44:13] [Server thread/INFO]: [@: 24 blocks filled]
[02:44:14] [Server thread/INFO]: [@: 24 blocks filled]
[02:44:15] [Server thread/INFO]: [@: 24 blocks filled]
[02:44:16] [Server thread/INFO]: [@: 24 blocks filled]
[02:44:18] [Server thread/INFO]: [@: 24 blocks filled]
[02:44:19] [Server thread/INFO]: [@: 24 blocks filled]
[02:44:20] [Server thread/INFO]: [@: 24 blocks filled]
[02:44:21] [Server thread/INFO]: [@: 24 blocks filled]
[02:44:22] [Server thread/INFO]: [@: 24 blocks filled]
[02:44:24] [Server thread/INFO]: [@: 24 blocks filled]
[02:44:25] [Server thread/INFO]: [@: 24 blocks filled]
[02:44:26] [Server thread/INFO]: [@: 24 blocks filled]
[02:44:27] [Server thread/INFO]: [@: 24 blocks filled]
[02:44:28] [Server thread/INFO]: [@: 24 blocks filled]
[02:44:30] [Server thread/INFO]: [@: 24 blocks filled]
[02:44:31] [Server thread/INFO]: [@: 24 blocks filled]
[02:44:32] [Server thread/INFO]: [@: 24 blocks filled]
[02:44:33] [Server thread/INFO]: [@: 24 blocks filled]
[02:44:34] [Server thread/INFO]: [@: 24 blocks filled]
[02:44:36] [Server thread/INFO]: [@: 24 blocks filled]
[02:44:37] [Server thread/INFO]: [@: 24 blocks filled]
[02:44:38] [Server thread/INFO]: [@: 24 blocks filled]
[02:44:39] [Server thread/INFO]: [@: 24 blocks filled]
[02:44:40] [Server thread/INFO]: [@: 24 blocks filled]
[02:44:42] [Server thread/INFO]: [@: 24 blocks filled]
[02:44:43] [Server thread/INFO]: [@: 24 blocks filled]
[02:44:44] [Server thread/INFO]: [@: 24 blocks filled]
[02:44:45] [Server thread/INFO]: [@: 24 blocks filled]
[02:44:46] [Server thread/INFO]: [@: 24 blocks filled]
[02:44:48] [Server thread/INFO]: [@: 24 blocks filled]
[02:44:49] [Server thread/INFO]: [@: 24 blocks filled]
[02:44:50] [Server thread/INFO]: [@: 24 blocks filled]
[02:44:51] [Server thread/INFO]: [@: 24 blocks filled]
[02:44:52] [Server thread/INFO]: [@: 24 blocks filled]
[02:44:54] [Server thread/INFO]: [@: 24 blocks filled]
[02:44:55] [Server thread/INFO]: [@: 24 blocks filled]
[02:44:56] [Server thread/INFO]: [@: 24 blocks filled]
[02:44:57] [Server thread/INFO]: [@: 24 blocks filled]
[02:44:58] [Server thread/INFO]: [@: 24 blocks filled]
[02:45:00] [Server thread/INFO]: [@: 24 blocks filled]
[02:45:01] [Server thread/INFO]: [@: 24 blocks filled]
[02:45:02] [Server thread/INFO]: [@: 24 blocks filled]
[02:45:03] [Server thread/INFO]: [@: 24 blocks filled]
[02:45:04] [Server thread/INFO]: [@: 24 blocks filled]
[02:45:06] [Server thread/INFO]: [@: 24 blocks filled]
[02:45:07] [Server thread/INFO]: [@: 24 blocks filled]
[02:45:08] [Server thread/INFO]: [@: 24 blocks filled]
[02:45:09] [Server thread/INFO]: [@: 24 blocks filled]
[02:45:10] [Server thread/INFO]: [@: 24 blocks filled]
[02:45:12] [Server thread/INFO]: [@: 24 blocks filled]
[02:45:13] [Server thread/INFO]: [@: 24 blocks filled]
[02:45:14] [Server thread/INFO]: [@: 24 blocks filled]
[02:45:15] [Server thread/INFO]: [@: 24 blocks filled]
[02:45:16] [Server thread/INFO]: [@: 24 blocks filled]
[02:45:18] [Server thread/INFO]: [@: 24 blocks filled]
[02:45:19] [Server thread/INFO]: [@: 24 blocks filled]
[02:45:20] [Server thread/INFO]: [@: 24 blocks filled]
[02:45:21] [Server thread/INFO]: [@: 24 blocks filled]
[02:45:22] [Server thread/INFO]: [@: 24 blocks filled]
[02:45:24] [Server thread/INFO]: [@: 24 blocks filled]
[02:45:25] [Server thread/INFO]: [@: 24 blocks filled]
[02:45:26] [Server thread/INFO]: [@: 24 blocks filled]
[02:45:27] [Server thread/INFO]: [@: 24 blocks filled]
[02:45:28] [Server thread/INFO]: [@: 24 blocks filled]
[02:45:30] [Server thread/INFO]: [@: 24 blocks filled]
[02:45:31] [Server thread/INFO]: [@: 24 blocks filled]
[02:45:32] [Server thread/INFO]: [@: 24 blocks filled]
[02:45:33] [Server thread/INFO]: [@: 24 blocks filled]
[02:45:34] [Server thread/INFO]: [@: 24 blocks filled]
[02:45:36] [Server thread/INFO]: [@: 24 blocks filled]
[02:45:37] [Server thread/INFO]: [@: 24 blocks filled]
[02:45:38] [Server thread/INFO]: [@: 24 blocks filled]
[02:45:39] [Server thread/INFO]: [@: 24 blocks filled]
[02:45:40] [Server thread/INFO]: [@: 24 blocks filled]
[02:45:42] [Server thread/INFO]: [@: 24 blocks filled]
[02:45:43] [Server thread/INFO]: [@: 24 blocks filled]
[02:45:44] [Server thread/INFO]: [@: 24 blocks filled]
[02:45:45] [Server thread/INFO]: [@: 24 blocks filled]
[02:45:46] [Server thread/INFO]: [@: 24 blocks filled]
[02:45:48] [Server thread/INFO]: [@: 24 blocks filled]
[02:45:49] [Server thread/INFO]: [@: 24 blocks filled]
[02:45:50] [Server thread/INFO]: [@: 24 blocks filled]
[02:45:51] [Server thread/INFO]: [@: 24 blocks filled]
[02:45:52] [Server thread/INFO]: [@: 24 blocks filled]
[02:45:54] [Server thread/INFO]: [@: 24 blocks filled]
[02:45:55] [Server thread/INFO]: [@: 24 blocks filled]
[02:45:56] [Server thread/INFO]: [@: 24 blocks filled]
[02:45:57] [Server thread/INFO]: [@: 24 blocks filled]
[02:45:58] [Server thread/INFO]: [@: 24 blocks filled]
[02:46:00] [Server thread/INFO]: [@: 24 blocks filled]
[02:46:01] [Server thread/INFO]: [@: 24 blocks filled]
[02:46:02] [Server thread/INFO]: [@: 24 blocks filled]
[02:46:03] [Server thread/INFO]: [@: 24 blocks filled]
[02:46:04] [Server thread/INFO]: [@: 24 blocks filled]
[02:46:06] [Server thread/INFO]: [@: 24 blocks filled]
[02:46:07] [Server thread/INFO]: [@: 24 blocks filled]
[02:46:08] [Server thread/INFO]: [@: 24 blocks filled]
[02:46:09] [Server thread/INFO]: [@: 24 blocks filled]
[02:46:10] [Server thread/INFO]: [@: 24 blocks filled]
[02:46:12] [Server thread/INFO]: [@: 24 blocks filled]
[02:46:13] [Server thread/INFO]: [@: 24 blocks filled]
[02:46:14] [Server thread/INFO]: [@: 24 blocks filled]
[02:46:15] [Server thread/INFO]: [@: 24 blocks filled]
[02:46:16] [Server thread/INFO]: [@: 24 blocks filled]
[02:46:18] [Server thread/INFO]: [@: 24 blocks filled]
[02:46:19] [Server thread/INFO]: [@: 24 blocks filled]
[02:46:20] [Server thread/INFO]: [@: 24 blocks filled]
[02:46:21] [Server thread/INFO]: [@: 24 blocks filled]
[02:46:22] [Server thread/INFO]: [@: 24 blocks filled]
[02:46:24] [Server thread/INFO]: [@: 24 blocks filled]
[02:46:25] [Server thread/INFO]: [@: 24 blocks filled]
[02:46:26] [Server thread/INFO]: [@: 24 blocks filled]
[02:46:27] [Server thread/INFO]: [@: 24 blocks filled]
[02:46:28] [Server thread/INFO]: [@: 24 blocks filled]
[02:46:30] [Server thread/INFO]: [@: 24 blocks filled]
[02:46:31] [Server thread/INFO]: [@: 24 blocks filled]
[02:46:32] [Server thread/INFO]: [@: 24 blocks filled]
[02:46:33] [Server thread/INFO]: [@: 24 blocks filled]
[02:46:34] [Server thread/INFO]: [@: 24 blocks filled]
[02:46:36] [Server thread/INFO]: [@: 24 blocks filled]
[02:46:37] [Server thread/INFO]: [@: 24 blocks filled]
[02:46:38] [Server thread/INFO]: [@: 24 blocks filled]
[02:46:39] [Server thread/INFO]: [@: 24 blocks filled]
[02:46:40] [Server thread/INFO]: [@: 24 blocks filled]
[02:46:42] [Server thread/INFO]: [@: 24 blocks filled]
[02:46:43] [Server thread/INFO]: [@: 24 blocks filled]
[02:46:44] [Server thread/INFO]: [@: 24 blocks filled]
[02:46:45] [Server thread/INFO]: [@: 24 blocks filled]
[02:46:46] [Server thread/INFO]: [@: 24 blocks filled]
[02:46:48] [Server thread/INFO]: [@: 24 blocks filled]
[02:46:49] [Server thread/INFO]: [@: 24 blocks filled]
[02:46:50] [Server thread/INFO]: Foxyfolli lost connection: TranslatableComponent{key='disconnect.timeout', args=[], siblings=[], style=Style{hasParent=false, color=null, bold=null, italic=null, underlined=null, obfuscated=null, clickEvent=null, hoverEvent=null, insertion=null}}
[02:46:50] [Server thread/INFO]: Foxyfolli left the game
[02:46:50] [Server thread/INFO]: [@: 24 blocks filled]
[02:46:51] [Server thread/INFO]: [@: 24 blocks filled]
[02:46:52] [Server thread/INFO]: [@: 24 blocks filled]
[02:46:54] [Server thread/INFO]: [@: 24 blocks filled]
[02:46:55] [Server thread/INFO]: [@: 24 blocks filled]
[02:46:56] [Server thread/INFO]: [@: 24 blocks filled]
[02:46:57] [Server thread/INFO]: [@: 24 blocks filled]
[02:46:58] [Server thread/INFO]: [@: 24 blocks filled]
[02:47:00] [Server thread/INFO]: [@: 24 blocks filled]
[02:47:00] [Server thread/INFO]: Foxyfolli[/127.0.0.1:56350] logged in with entity id 33 at (275.30000001192093, 147.0, -583.8732202241274)
[02:47:00] [Server thread/INFO]: Foxyfolli joined the game
[02:47:01] [Server thread/INFO]: [@: 24 blocks filled]
[02:47:02] [Server thread/INFO]: [@: 24 blocks filled]
[02:47:03] [Server thread/INFO]: [@: 24 blocks filled]
[02:47:04] [Server thread/INFO]: [@: 24 blocks filled]
[02:47:06] [Server thread/INFO]: [@: 24 blocks filled]
[02:47:07] [Server thread/INFO]: [@: 24 blocks filled]
[02:47:08] [Server thread/INFO]: [@: 24 blocks filled]
[02:47:09] [Server thread/INFO]: [@: 24 blocks filled]
[02:47:10] [Server thread/INFO]: [@: 24 blocks filled]
[02:47:12] [Server thread/INFO]: [@: 24 blocks filled]
[02:47:13] [Server thread/INFO]: [@: 24 blocks filled]
[02:47:14] [Server thread/INFO]: [@: 24 blocks filled]
[02:47:15] [Server thread/INFO]: [@: 24 blocks filled]
[02:47:16] [Server thread/INFO]: [@: 24 blocks filled]
[02:47:18] [Server thread/INFO]: [@: 24 blocks filled]
[02:47:19] [Server thread/INFO]: [@: 24 blocks filled]
[02:47:20] [Server thread/INFO]: [@: 24 blocks filled]
[02:47:21] [Server thread/INFO]: [@: 24 blocks filled]
[02:47:22] [Server thread/INFO]: [@: 24 blocks filled]
[02:47:24] [Server thread/INFO]: [@: 24 blocks filled]
[02:47:25] [Server thread/INFO]: [@: 24 blocks filled]
[02:47:26] [Server thread/INFO]: [@: 24 blocks filled]
[02:47:27] [Server thread/INFO]: [@: 24 blocks filled]
[02:47:28] [Server thread/INFO]: [@: 24 blocks filled]
[02:47:30] [Server thread/INFO]: [@: 24 blocks filled]
[02:47:31] [Server thread/INFO]: [@: 24 blocks filled]
[02:47:32] [Server thread/INFO]: [@: 24 blocks filled]
[02:47:33] [Server thread/INFO]: [@: 24 blocks filled]
[02:47:34] [Server thread/INFO]: [@: 24 blocks filled]
[02:47:36] [Server thread/INFO]: [@: 24 blocks filled]
[02:47:37] [Server thread/INFO]: [@: 24 blocks filled]
[02:47:38] [Server thread/INFO]: [@: 24 blocks filled]
[02:47:39] [Server thread/INFO]: [@: 24 blocks filled]
[02:47:40] [Server thread/INFO]: [@: 24 blocks filled]
[02:47:42] [Server thread/INFO]: [@: 24 blocks filled]
[02:47:43] [Server thread/INFO]: [@: 24 blocks filled]
[02:47:44] [Server thread/INFO]: [@: 24 blocks filled]
[02:47:45] [Server thread/INFO]: [@: 24 blocks filled]
[02:47:46] [Server thread/INFO]: [@: 24 blocks filled]
[02:47:48] [Server thread/INFO]: [@: 24 blocks filled]
[02:47:49] [Server thread/INFO]: [@: 24 blocks filled]
[02:47:50] [Server thread/INFO]: [@: 24 blocks filled]
[02:47:51] [Server thread/INFO]: [@: 24 blocks filled]
[02:47:52] [Server thread/INFO]: [@: 24 blocks filled]
[02:47:54] [Server thread/INFO]: [@: 24 blocks filled]
[02:47:55] [Server thread/INFO]: [@: 24 blocks filled]
[02:47:56] [Server thread/INFO]: [@: 24 blocks filled]
[02:47:57] [Server thread/INFO]: [@: 24 blocks filled]
[02:47:58] [Server thread/INFO]: [@: 24 blocks filled]
[02:48:00] [Server thread/INFO]: [@: 24 blocks filled]
[02:48:01] [Server thread/INFO]: [@: 24 blocks filled]
[02:48:02] [Server thread/INFO]: [@: 24 blocks filled]
[02:48:03] [Server thread/INFO]: [@: 24 blocks filled]
[02:48:04] [Server thread/INFO]: [@: 24 blocks filled]
[02:48:06] [Server thread/INFO]: [@: 24 blocks filled]
[02:48:07] [Server thread/INFO]: [@: 24 blocks filled]
[02:48:08] [Server thread/INFO]: [@: 24 blocks filled]
[02:48:09] [Server thread/INFO]: [@: 24 blocks filled]
[02:48:10] [Server thread/INFO]: [@: 24 blocks filled]
[02:48:12] [Server thread/INFO]: [@: 24 blocks filled]
[02:48:13] [Server thread/INFO]: [@: 24 blocks filled]
[02:48:14] [Server thread/INFO]: [@: 24 blocks filled]
[02:48:15] [Server thread/INFO]: [@: 24 blocks filled]
[02:48:16] [Server thread/INFO]: [@: 24 blocks filled]
[02:48:18] [Server thread/INFO]: [@: 24 blocks filled]
[02:48:19] [Server thread/INFO]: [@: 24 blocks filled]
[02:48:20] [Server thread/INFO]: [@: 24 blocks filled]
[02:48:21] [Server thread/INFO]: [@: 24 blocks filled]
[02:48:22] [Server thread/INFO]: [@: 24 blocks filled]
[02:48:24] [Server thread/INFO]: [@: 24 blocks filled]
[02:48:25] [Server thread/INFO]: [@: 24 blocks filled]
[02:48:26] [Server thread/INFO]: [@: 24 blocks filled]
[02:48:27] [Server thread/INFO]: [@: 24 blocks filled]
[02:48:28] [Server thread/INFO]: [@: 24 blocks filled]
[02:48:30] [Server thread/INFO]: [@: 24 blocks filled]
[02:48:31] [Server thread/INFO]: [@: 24 blocks filled]
[02:48:32] [Server thread/INFO]: [@: 24 blocks filled]
[02:48:33] [Server thread/INFO]: [@: 24 blocks filled]
[02:48:34] [Server thread/INFO]: [@: 24 blocks filled]
[02:48:36] [Server thread/INFO]: [@: 24 blocks filled]
[02:48:37] [Server thread/INFO]: [@: 24 blocks filled]
[02:48:38] [Server thread/INFO]: [@: 24 blocks filled]
[02:48:39] [Server thread/INFO]: [@: 24 blocks filled]
[02:48:40] [Server thread/INFO]: [@: 24 blocks filled]
[02:48:42] [Server thread/INFO]: [@: 24 blocks filled]
[02:48:43] [Server thread/INFO]: [@: 24 blocks filled]
[02:48:44] [Server thread/INFO]: [@: 24 blocks filled]
[02:48:45] [Server thread/INFO]: [@: 24 blocks filled]
[02:48:46] [Server thread/INFO]: [@: 24 blocks filled]
[02:48:48] [Server thread/INFO]: [@: 24 blocks filled]
[02:48:49] [Server thread/INFO]: [@: 24 blocks filled]
[02:48:50] [Server thread/INFO]: [@: 24 blocks filled]
[02:48:51] [Server thread/INFO]: [@: 24 blocks filled]
[02:48:52] [Server thread/INFO]: [@: 24 blocks filled]
[02:48:54] [Server thread/INFO]: [@: 24 blocks filled]
[02:48:55] [Server thread/INFO]: [@: 24 blocks filled]
[02:48:56] [Server thread/INFO]: [@: 24 blocks filled]
[02:48:57] [Server thread/INFO]: [@: 24 blocks filled]
[02:48:58] [Server thread/INFO]: [@: 24 blocks filled]
[02:49:00] [Server thread/INFO]: [@: 24 blocks filled]
[02:49:01] [Server thread/INFO]: [@: 24 blocks filled]
[02:49:02] [Server thread/INFO]: [@: 24 blocks filled]
[02:49:03] [Server thread/INFO]: [@: 24 blocks filled]
[02:49:04] [Server thread/INFO]: [@: 24 blocks filled]
[02:49:06] [Server thread/INFO]: [@: 24 blocks filled]
[02:49:07] [Server thread/INFO]: [@: 24 blocks filled]
[02:49:08] [Server thread/INFO]: [@: 24 blocks filled]
[02:49:09] [Server thread/INFO]: [@: 24 blocks filled]
[02:49:10] [Server thread/INFO]: [@: 24 blocks filled]
[02:49:12] [Server thread/INFO]: [@: 24 blocks filled]
[02:49:13] [Server thread/INFO]: [@: 24 blocks filled]
[02:49:13] [Server thread/INFO]: Foxyfolli was slain by bb18_
[02:49:14] [Server thread/INFO]: [@: 24 blocks filled]
[02:49:15] [Server thread/INFO]: [@: 24 blocks filled]
[02:49:16] [Server thread/INFO]: [@: 24 blocks filled]
[02:49:17] [Server thread/INFO]: [bb18_: Teleported Foxyfolli to bb18_]
[02:49:18] [Server thread/INFO]: [@: 24 blocks filled]
[02:49:19] [Server thread/INFO]: [@: 24 blocks filled]
[02:49:20] [Server thread/INFO]: [bb18_: Teleported Foxyfolli to bb18_]
[02:49:20] [Server thread/INFO]: [@: 24 blocks filled]
[02:49:21] [Server thread/INFO]: [bb18_: Teleported Foxyfolli to bb18_]
[02:49:21] [Server thread/INFO]: [@: 24 blocks filled]
[02:49:22] [Server thread/INFO]: [bb18_: Teleported Foxyfolli to bb18_]
[02:49:22] [Server thread/INFO]: [bb18_: Teleported Foxyfolli to bb18_]
[02:49:22] [Server thread/INFO]: [@: 24 blocks filled]
[02:49:23] [Server thread/INFO]: [bb18_: Teleported Foxyfolli to bb18_]
[02:49:24] [Server thread/INFO]: [bb18_: Teleported Foxyfolli to bb18_]
[02:49:24] [Server thread/INFO]: [@: 24 blocks filled]
[02:49:24] [Server thread/INFO]: [bb18_: Teleported Foxyfolli to bb18_]
[02:49:25] [Server thread/INFO]: [@: 24 blocks filled]
[02:49:25] [Server thread/INFO]: [bb18_: Teleported Foxyfolli to bb18_]
[02:49:26] [Server thread/INFO]: [bb18_: Teleported Foxyfolli to bb18_]
[02:49:26] [Server thread/INFO]: [@: 24 blocks filled]
[02:49:27] [Server thread/INFO]: [@: 24 blocks filled]
[02:49:28] [Server thread/INFO]: [@: 24 blocks filled]
[02:49:30] [Server thread/INFO]: [@: 24 blocks filled]
[02:49:30] [Server thread/INFO]: [bb18_: Teleported Foxyfolli to bb18_]
[02:49:31] [Server thread/INFO]: [@: 24 blocks filled]
[02:49:32] [Server thread/INFO]: [@: 24 blocks filled]
[02:49:33] [Server thread/INFO]: [@: 24 blocks filled]
[02:49:34] [Server thread/INFO]: [@: 24 blocks filled]
[02:49:36] [Server thread/INFO]: [@: 24 blocks filled]
[02:49:37] [Server thread/INFO]: [@: 24 blocks filled]
[02:49:38] [Server thread/INFO]: [@: 24 blocks filled]
[02:49:39] [Server thread/INFO]: [@: 24 blocks filled]
[02:49:40] [Server thread/INFO]: [@: 24 blocks filled]
[02:49:42] [Server thread/INFO]: [@: 24 blocks filled]
[02:49:43] [Server thread/INFO]: [@: 24 blocks filled]
[02:49:44] [Server thread/INFO]: [@: 24 blocks filled]
[02:49:45] [Server thread/INFO]: [@: 24 blocks filled]
[02:49:46] [Server thread/INFO]: [@: 24 blocks filled]
[02:49:48] [Server thread/INFO]: [@: 24 blocks filled]
[02:49:49] [Server thread/INFO]: [@: 24 blocks filled]
[02:49:50] [Server thread/INFO]: [@: 24 blocks filled]
[02:49:51] [Server thread/INFO]: [@: 24 blocks filled]
[02:49:52] [Server thread/INFO]: [@: 24 blocks filled]
[02:49:54] [Server thread/INFO]: [@: 24 blocks filled]
[02:49:55] [Server thread/INFO]: [@: 24 blocks filled]
[02:49:56] [Server thread/INFO]: [@: 24 blocks filled]
[02:49:57] [Server thread/INFO]: [@: 24 blocks filled]
[02:49:58] [Server thread/INFO]: [@: 24 blocks filled]
[02:50:00] [Server thread/INFO]: [@: 24 blocks filled]
[02:50:01] [Server thread/INFO]: [@: 24 blocks filled]
[02:50:02] [Server thread/INFO]: [@: 24 blocks filled]
[02:50:03] [Server thread/INFO]: [@: 24 blocks filled]
[02:50:04] [Server thread/INFO]: [@: 24 blocks filled]
[02:50:06] [Server thread/INFO]: [@: 24 blocks filled]
[02:50:07] [Server thread/INFO]: [@: 24 blocks filled]
[02:50:08] [Server thread/INFO]: [@: 24 blocks filled]
[02:50:09] [Server thread/INFO]: [@: 24 blocks filled]
[02:50:10] [Server thread/INFO]: [@: 24 blocks filled]
[02:50:12] [Server thread/INFO]: [@: 24 blocks filled]
[02:50:13] [Server thread/INFO]: [@: 24 blocks filled]
[02:50:14] [Server thread/INFO]: [@: 24 blocks filled]
[02:50:15] [Server thread/INFO]: [@: 24 blocks filled]
[02:50:16] [Server thread/INFO]: [@: 24 blocks filled]
[02:50:18] [Server thread/INFO]: [@: 24 blocks filled]
[02:50:19] [Server thread/INFO]: [@: 24 blocks filled]
[02:50:20] [Server thread/INFO]: [@: 24 blocks filled]
[02:50:21] [Server thread/INFO]: [@: 24 blocks filled]
[02:50:22] [Server thread/INFO]: [@: 24 blocks filled]
[02:50:24] [Server thread/INFO]: [@: 24 blocks filled]
[02:50:25] [Server thread/INFO]: [@: 24 blocks filled]
[02:50:26] [Server thread/INFO]: [@: 24 blocks filled]
[02:50:27] [Server thread/INFO]: [@: 24 blocks filled]
[02:50:28] [Server thread/INFO]: [@: 24 blocks filled]
[02:50:30] [Server thread/INFO]: [@: 24 blocks filled]
[02:50:31] [Server thread/INFO]: [@: 24 blocks filled]
[02:50:32] [Server thread/INFO]: [@: 24 blocks filled]
[02:50:33] [Server thread/INFO]: [@: 24 blocks filled]
[02:50:34] [Server thread/INFO]: [@: 24 blocks filled]
[02:50:36] [Server thread/INFO]: [@: 24 blocks filled]
[02:50:37] [Server thread/INFO]: [@: 24 blocks filled]
[02:50:38] [Server thread/INFO]: [@: 24 blocks filled]
[02:50:39] [Server thread/INFO]: [@: 24 blocks filled]
[02:50:40] [Server thread/INFO]: [@: 24 blocks filled]
[02:50:42] [Server thread/INFO]: [@: 24 blocks filled]
[02:50:43] [Server thread/INFO]: [@: 24 blocks filled]
[02:50:44] [Server thread/INFO]: [@: 24 blocks filled]
[02:50:45] [Server thread/INFO]: [@: 24 blocks filled]
[02:50:46] [Server thread/INFO]: [@: 24 blocks filled]
[02:50:48] [Server thread/INFO]: [@: 24 blocks filled]
[02:50:49] [Server thread/INFO]: [@: 24 blocks filled]
[02:50:50] [Server thread/INFO]: [@: 24 blocks filled]
[02:50:51] [Server thread/INFO]: [@: 24 blocks filled]
[02:50:52] [Server thread/INFO]: [@: 24 blocks filled]
[02:50:54] [Server thread/INFO]: [@: 24 blocks filled]
[02:50:55] [Server thread/INFO]: [@: 24 blocks filled]
[02:50:56] [Server thread/INFO]: [@: 24 blocks filled]
[02:50:57] [Server thread/INFO]: [@: 24 blocks filled]
[02:50:58] [Server thread/INFO]: [@: 24 blocks filled]
[02:51:00] [Server thread/INFO]: [@: 24 blocks filled]
[02:51:01] [Server thread/INFO]: [@: 24 blocks filled]
[02:51:02] [Server thread/INFO]: [@: 24 blocks filled]
[02:51:03] [Server thread/INFO]: [@: 24 blocks filled]
[02:51:04] [Server thread/INFO]: [@: 24 blocks filled]
[02:51:06] [Server thread/INFO]: [@: 24 blocks filled]
[02:51:07] [Server thread/INFO]: [@: 24 blocks filled]
[02:51:08] [Server thread/INFO]: [@: 24 blocks filled]
[02:51:09] [Server thread/INFO]: [@: 24 blocks filled]
[02:51:10] [Server thread/INFO]: [@: 24 blocks filled]
[02:51:12] [Server thread/INFO]: [@: 24 blocks filled]
[02:51:13] [Server thread/INFO]: [@: 24 blocks filled]
[02:51:14] [Server thread/INFO]: [@: 24 blocks filled]
[02:51:15] [Server thread/INFO]: [@: 24 blocks filled]
[02:51:16] [Server thread/INFO]: [@: 24 blocks filled]
[02:51:18] [Server thread/INFO]: [@: 24 blocks filled]
[02:51:19] [Server thread/INFO]: [@: 24 blocks filled]
[02:51:20] [Server thread/INFO]: [@: 24 blocks filled]
[02:51:21] [Server thread/INFO]: [@: 24 blocks filled]
[02:51:22] [Server thread/INFO]: [@: 24 blocks filled]
[02:51:24] [Server thread/INFO]: [@: 24 blocks filled]
[02:51:25] [Server thread/INFO]: [@: 24 blocks filled]
[02:51:26] [Server thread/INFO]: [@: 24 blocks filled]
[02:51:27] [Server thread/INFO]: [@: 24 blocks filled]
[02:51:28] [Server thread/INFO]: [@: 24 blocks filled]
[02:51:30] [Server thread/INFO]: [@: 24 blocks filled]
[02:51:31] [Server thread/INFO]: [@: 24 blocks filled]
[02:51:32] [Server thread/INFO]: [@: 24 blocks filled]
[02:51:33] [Server thread/INFO]: [@: 24 blocks filled]
[02:51:34] [Server thread/INFO]: [@: 24 blocks filled]
[02:51:36] [Server thread/INFO]: [@: 24 blocks filled]
[02:51:37] [Server thread/INFO]: [@: 24 blocks filled]
[02:51:38] [Server thread/INFO]: [@: 24 blocks filled]
[02:51:39] [Server thread/INFO]: [@: 24 blocks filled]
[02:51:40] [Server thread/INFO]: [@: 24 blocks filled]
[02:51:42] [Server thread/INFO]: [@: 24 blocks filled]
[02:51:43] [Server thread/INFO]: [@: 24 blocks filled]
[02:51:44] [Server thread/INFO]: [@: 24 blocks filled]
[02:51:45] [Server thread/INFO]: [@: 24 blocks filled]
[02:51:46] [Server thread/INFO]: [@: 24 blocks filled]
[02:51:48] [Server thread/INFO]: [@: 24 blocks filled]
[02:51:49] [Server thread/INFO]: [@: 24 blocks filled]
[02:51:50] [Server thread/INFO]: [@: 24 blocks filled]
[02:51:51] [Server thread/INFO]: [@: 24 blocks filled]
[02:51:52] [Server thread/INFO]: [@: 24 blocks filled]
[02:51:54] [Server thread/INFO]: [@: 24 blocks filled]
[02:51:55] [Server thread/INFO]: [@: 24 blocks filled]
[02:51:56] [Server thread/INFO]: [@: 24 blocks filled]
[02:51:57] [Server thread/INFO]: [@: 24 blocks filled]
[02:51:58] [Server thread/INFO]: [@: 24 blocks filled]
[02:52:00] [Server thread/INFO]: [@: 24 blocks filled]
[02:52:01] [Server thread/INFO]: [@: 24 blocks filled]
[02:52:02] [Server thread/INFO]: [@: 24 blocks filled]
[02:52:03] [Server thread/INFO]: [@: 24 blocks filled]
[02:52:04] [Server thread/INFO]: [@: 24 blocks filled]
[02:52:06] [Server thread/INFO]: [@: 24 blocks filled]
[02:52:07] [Server thread/INFO]: [@: 24 blocks filled]
[02:52:08] [Server thread/INFO]: [@: 24 blocks filled]
[02:52:09] [Server thread/INFO]: [@: 24 blocks filled]
[02:52:10] [Server thread/INFO]: [@: 24 blocks filled]
[02:52:12] [Server thread/INFO]: [@: 24 blocks filled]
[02:52:13] [Server thread/INFO]: [@: 24 blocks filled]
[02:52:14] [Server thread/INFO]: [@: 24 blocks filled]
[02:52:15] [Server thread/INFO]: [@: 24 blocks filled]
[02:52:16] [Server thread/INFO]: [@: 24 blocks filled]
[02:52:18] [Server thread/INFO]: [@: 24 blocks filled]
[02:52:19] [Server thread/INFO]: [@: 24 blocks filled]
[02:52:20] [Server thread/INFO]: [@: 24 blocks filled]
[02:52:21] [Server thread/INFO]: [@: 24 blocks filled]
[02:52:22] [Server thread/INFO]: [@: 24 blocks filled]
[02:52:24] [Server thread/INFO]: [@: 24 blocks filled]
[02:52:25] [Server thread/INFO]: [@: 24 blocks filled]
[02:52:26] [Server thread/INFO]: [@: 24 blocks filled]
[02:52:27] [Server thread/INFO]: [@: 24 blocks filled]
[02:52:28] [Server thread/INFO]: [@: 24 blocks filled]
[02:52:30] [Server thread/INFO]: [@: 24 blocks filled]
[02:52:31] [Server thread/INFO]: [@: 24 blocks filled]
[02:52:32] [Server thread/INFO]: [@: 24 blocks filled]
[02:52:33] [Server thread/INFO]: [@: 24 blocks filled]
[02:52:34] [Server thread/INFO]: [@: 24 blocks filled]
[02:52:36] [Server thread/INFO]: [@: 24 blocks filled]
[02:52:37] [Server thread/INFO]: [@: 24 blocks filled]
[02:52:38] [Server thread/INFO]: [@: 24 blocks filled]
[02:52:39] [Server thread/INFO]: [@: 24 blocks filled]
[02:52:40] [Server thread/INFO]: [@: 24 blocks filled]
[02:52:42] [Server thread/INFO]: [@: 24 blocks filled]
[02:52:43] [Server thread/INFO]: [@: 24 blocks filled]
[02:52:44] [Server thread/INFO]: [@: 24 blocks filled]
[02:52:45] [Server thread/INFO]: [@: 24 blocks filled]
[02:52:46] [Server thread/INFO]: [@: 24 blocks filled]
[02:52:48] [Server thread/INFO]: [@: 24 blocks filled]
[02:52:49] [Server thread/INFO]: [@: 24 blocks filled]
[02:52:50] [Server thread/INFO]: [@: 24 blocks filled]
[02:52:51] [Server thread/INFO]: [@: 24 blocks filled]
[02:52:52] [Server thread/INFO]: [@: 24 blocks filled]
[02:52:54] [Server thread/INFO]: [@: 24 blocks filled]
[02:52:55] [Server thread/INFO]: [@: 24 blocks filled]
[02:52:56] [Server thread/INFO]: [@: 24 blocks filled]
[02:52:57] [Server thread/INFO]: [@: 24 blocks filled]
[02:52:58] [Server thread/INFO]: [@: 24 blocks filled]
[02:53:00] [Server thread/INFO]: [@: 24 blocks filled]
[02:53:01] [Server thread/INFO]: [@: 24 blocks filled]
[02:53:02] [Server thread/INFO]: [@: 24 blocks filled]
[02:53:03] [Server thread/INFO]: [@: 24 blocks filled]
[02:53:04] [Server thread/INFO]: [@: 24 blocks filled]
[02:53:06] [Server thread/INFO]: [@: 24 blocks filled]
[02:53:07] [Server thread/INFO]: [@: 24 blocks filled]
[02:53:08] [Server thread/INFO]: [@: 24 blocks filled]
[02:53:09] [Server thread/INFO]: [@: 24 blocks filled]
[02:53:10] [Server thread/INFO]: [@: 24 blocks filled]
[02:53:12] [Server thread/INFO]: [@: 24 blocks filled]
[02:53:13] [Server thread/INFO]: [@: 24 blocks filled]
[02:53:14] [Server thread/INFO]: [@: 24 blocks filled]
[02:53:15] [Server thread/INFO]: [@: 24 blocks filled]
[02:53:16] [Server thread/INFO]: [@: 24 blocks filled]
[02:53:18] [Server thread/INFO]: [@: 24 blocks filled]
[02:53:19] [Server thread/INFO]: [@: 24 blocks filled]
[02:53:20] [Server thread/INFO]: [@: 24 blocks filled]
[02:53:21] [Server thread/INFO]: [@: 24 blocks filled]
[02:53:22] [Server thread/INFO]: [@: 24 blocks filled]
[02:53:24] [Server thread/INFO]: [@: 24 blocks filled]
[02:53:25] [Server thread/INFO]: [@: 24 blocks filled]
[02:53:26] [Server thread/INFO]: [@: 24 blocks filled]
[02:53:27] [Server thread/INFO]: [@: 24 blocks filled]
[02:53:28] [Server thread/INFO]: [@: 24 blocks filled]
[02:53:30] [Server thread/INFO]: [@: 24 blocks filled]
[02:53:31] [Server thread/INFO]: [@: 24 blocks filled]
[02:53:32] [Server thread/INFO]: [@: 24 blocks filled]
[02:53:33] [Server thread/INFO]: [@: 24 blocks filled]
[02:53:34] [Server thread/INFO]: [@: 24 blocks filled]
[02:53:36] [Server thread/INFO]: [@: 24 blocks filled]
[02:53:37] [Server thread/INFO]: [@: 24 blocks filled]
[02:53:38] [Server thread/INFO]: [@: 24 blocks filled]
[02:53:39] [Server thread/INFO]: [@: 24 blocks filled]
[02:53:40] [Server thread/INFO]: [@: 24 blocks filled]
[02:53:42] [Server thread/INFO]: [@: 24 blocks filled]
[02:53:43] [Server thread/INFO]: [@: 24 blocks filled]
[02:53:44] [Server thread/INFO]: [@: 24 blocks filled]
[02:53:45] [Server thread/INFO]: [@: 24 blocks filled]
[02:53:46] [Server thread/INFO]: [@: 24 blocks filled]
[02:53:48] [Server thread/INFO]: [@: 24 blocks filled]
[02:53:49] [Server thread/INFO]: [@: 24 blocks filled]
[02:53:50] [Server thread/INFO]: [@: 24 blocks filled]
[02:53:51] [Server thread/INFO]: [@: 24 blocks filled]
[02:53:52] [Server thread/INFO]: [@: 24 blocks filled]
[02:53:54] [Server thread/INFO]: [@: 24 blocks filled]
[02:53:55] [Server thread/INFO]: [@: 24 blocks filled]
[02:53:56] [Server thread/INFO]: [@: 24 blocks filled]
[02:53:57] [Server thread/INFO]: [@: 24 blocks filled]
[02:53:58] [Server thread/INFO]: [@: 24 blocks filled]
[02:54:00] [Server thread/INFO]: [@: 24 blocks filled]
[02:54:01] [Server thread/INFO]: [@: 24 blocks filled]
[02:54:02] [Server thread/INFO]: [@: 24 blocks filled]
[02:54:03] [Server thread/INFO]: [@: 24 blocks filled]
[02:54:04] [Server thread/INFO]: [@: 24 blocks filled]
[02:54:06] [Server thread/INFO]: [@: 24 blocks filled]
[02:54:07] [Server thread/INFO]: [@: 24 blocks filled]
[02:54:08] [Server thread/INFO]: [@: 24 blocks filled]
[02:54:09] [Server thread/INFO]: [@: 24 blocks filled]
[02:54:10] [Server thread/INFO]: [@: 24 blocks filled]
[02:54:12] [Server thread/INFO]: [@: 24 blocks filled]
[02:54:13] [Server thread/INFO]: [@: 24 blocks filled]
[02:54:14] [Server thread/INFO]: [@: 24 blocks filled]
[02:54:15] [Server thread/INFO]: [@: 24 blocks filled]
[02:54:16] [Server thread/INFO]: [@: 24 blocks filled]
[02:54:18] [Server thread/INFO]: [@: 24 blocks filled]
[02:54:19] [Server thread/INFO]: [@: 24 blocks filled]
[02:54:20] [Server thread/INFO]: [@: 24 blocks filled]
[02:54:21] [Server thread/INFO]: [@: 24 blocks filled]
[02:54:22] [Server thread/INFO]: [@: 24 blocks filled]
[02:54:24] [Server thread/INFO]: [@: 24 blocks filled]
[02:54:25] [Server thread/INFO]: [@: 24 blocks filled]
[02:54:26] [Server thread/INFO]: [@: 24 blocks filled]
[02:54:27] [Server thread/INFO]: [@: 24 blocks filled]
[02:54:28] [Server thread/INFO]: [@: 24 blocks filled]
[02:54:30] [Server thread/INFO]: [@: 24 blocks filled]
[02:54:31] [Server thread/INFO]: [@: 24 blocks filled]
[02:54:32] [Server thread/INFO]: [@: 24 blocks filled]
[02:54:33] [Server thread/INFO]: [@: 24 blocks filled]
[02:54:34] [Server thread/INFO]: [@: 24 blocks filled]
[02:54:36] [Server thread/INFO]: [@: 24 blocks filled]
[02:54:37] [Server thread/INFO]: [@: 24 blocks filled]
[02:54:38] [Server thread/INFO]: [@: 24 blocks filled]
[02:54:39] [Server thread/INFO]: [@: 24 blocks filled]
[02:54:40] [Server thread/INFO]: [@: 24 blocks filled]
[02:54:42] [Server thread/INFO]: [@: 24 blocks filled]
[02:54:43] [Server thread/INFO]: [@: 24 blocks filled]
[02:54:44] [Server thread/INFO]: [@: 24 blocks filled]
[02:54:45] [Server thread/INFO]: [@: 24 blocks filled]
[02:54:46] [Server thread/INFO]: [@: 24 blocks filled]
[02:54:48] [Server thread/INFO]: [@: 24 blocks filled]
[02:54:49] [Server thread/INFO]: [@: 24 blocks filled]
[02:54:49] [Server thread/INFO]: nicasexy_22[/127.0.0.1:34376] logged in with entity id 35 at (270.5, 1.0, -590.5)
[02:54:49] [Server thread/INFO]: nicasexy_22 joined the game
[02:54:50] [Server thread/INFO]: [@: 24 blocks filled]
[02:54:51] [Server thread/INFO]: [@: 24 blocks filled]
[02:54:52] [Server thread/INFO]: [@: 24 blocks filled]
[02:54:54] [Server thread/INFO]: [@: 24 blocks filled]
[02:54:54] [Server thread/INFO]: [bb18_: Teleported nicasexy_22 to bb18_]
[02:54:55] [Server thread/INFO]: [@: 24 blocks filled]
[02:54:56] [Server thread/INFO]: [@: 24 blocks filled]
[02:54:57] [Server thread/INFO]: [@: 24 blocks filled]
[02:54:58] [Server thread/INFO]: [@: 24 blocks filled]
[02:55:00] [Server thread/INFO]: [@: 24 blocks filled]
[02:55:00] [Server thread/INFO]: [bb18_: Cleared the inventory of bb18_, removing 1 items]
[02:55:01] [Server thread/INFO]: [@: 24 blocks filled]
[02:55:02] [Server thread/INFO]: [@: 24 blocks filled]
[02:55:03] [Server thread/INFO]: [@: 24 blocks filled]
[02:55:04] [Server thread/INFO]: [@: 24 blocks filled]
[02:55:06] [Server thread/INFO]: [@: 24 blocks filled]
[02:55:06] [Server thread/INFO]: Foxyfolli was slain by nicasexy_22
[02:55:07] [Server thread/INFO]: [@: 24 blocks filled]
[02:55:08] [Server thread/INFO]: [@: 24 blocks filled]
[02:55:09] [Server thread/INFO]: [@: 24 blocks filled]
[02:55:09] [Server thread/INFO]: [bb18_: Teleported Foxyfolli to bb18_]
[02:55:10] [Server thread/INFO]: [@: 24 blocks filled]
[02:55:12] [Server thread/INFO]: [@: 24 blocks filled]
[02:55:13] [Server thread/INFO]: [@: 24 blocks filled]
[02:55:14] [Server thread/INFO]: [@: 24 blocks filled]
[02:55:15] [Server thread/INFO]: [@: 24 blocks filled]
[02:55:16] [Server thread/INFO]: [@: 24 blocks filled]
[02:55:17] [Server thread/INFO]: nicasexy_22 has just earned the achievement [Taking Inventory]
[02:55:18] [Server thread/INFO]: [@: 24 blocks filled]
[02:55:19] [Server thread/INFO]: [@: 24 blocks filled]
[02:55:20] [Server thread/INFO]: [@: 24 blocks filled]
[02:55:20] [Server thread/INFO]: nicasexy_22 fell out of the world
[02:55:20] [Server thread/INFO]: [bb18_: Killed nicasexy_22]
[02:55:21] [Server thread/INFO]: [@: 24 blocks filled]
[02:55:22] [Server thread/INFO]: [@: 24 blocks filled]
[02:55:24] [Server thread/INFO]: [@: 24 blocks filled]
[02:55:25] [Server thread/INFO]: [@: 24 blocks filled]
[02:55:25] [Server thread/INFO]: [bb18_: Teleported nicasexy_22 to bb18_]
[02:55:26] [Server thread/INFO]: [@: 24 blocks filled]
[02:55:27] [Server thread/INFO]: [@: 24 blocks filled]
[02:55:28] [Server thread/INFO]: [@: 24 blocks filled]
[02:55:30] [Server thread/INFO]: [@: 24 blocks filled]
[02:55:31] [Server thread/INFO]: [@: 24 blocks filled]
[02:55:32] [Server thread/INFO]: [@: 24 blocks filled]
[02:55:33] [Server thread/INFO]: [@: 24 blocks filled]
[02:55:34] [Server thread/INFO]: [@: 24 blocks filled]
[02:55:36] [Server thread/INFO]: [@: 24 blocks filled]
[02:55:37] [Server thread/INFO]: [@: 24 blocks filled]
[02:55:37] [Server thread/INFO]: [@: Teleported Foxyfolli to 402.5, 28.0, -554.5]
[02:55:38] [Server thread/INFO]: [@: 24 blocks filled]
[02:55:39] [Server thread/INFO]: [@: Teleported nicasexy_22 to 402.5, 28.0, -570.5]
[02:55:39] [Server thread/INFO]: [@: 24 blocks filled]
[02:55:40] [Server thread/INFO]: [@: 24 blocks filled]
[02:55:41] [Server thread/INFO]: [@: Set Foxyfolli's spawn point to (399, 28, -556)]
[02:55:41] [Server thread/INFO]: [@: Set Foxyfolli's spawn point to (399, 28, -556)]
[02:55:41] [Server thread/INFO]: [bb18_: Set own game mode to Survival Mode]
[02:55:42] [Server thread/INFO]: [@: 24 blocks filled]
[02:55:43] [Server thread/INFO]: [@: Set Foxyfolli's spawn point to (398, 28, -556)]
[02:55:43] [Server thread/INFO]: [@: Set Foxyfolli's spawn point to (399, 28, -556)]
[02:55:43] [Server thread/INFO]: [@: Teleported bb18_ to 402.5, 28.0, -585.5]
[02:55:43] [Server thread/INFO]: [@: 24 blocks filled]
[02:55:44] [Server thread/INFO]: [@: 24 blocks filled]
[02:55:44] [Server thread/INFO]: [@: Set Foxyfolli's spawn point to (400, 28, -556)]
[02:55:44] [Server thread/INFO]: [@: Set Foxyfolli's spawn point to (399, 28, -556)]
[02:55:45] [Server thread/INFO]: [@: Set bb18_'s spawn point to (400, 28, -587)]
[02:55:45] [Server thread/INFO]: [@: Set bb18_'s spawn point to (400, 28, -587)]
[02:55:45] [Server thread/INFO]: [@: 24 blocks filled]
[02:55:46] [Server thread/INFO]: [@: Set nicasexy_22's spawn point to (400, 28, -571)]
[02:55:46] [Server thread/INFO]: [@: 24 blocks filled]
[02:55:47] [Server thread/INFO]: [@: Set bb18_'s spawn point to (398, 28, -587)]
[02:55:47] [Server thread/INFO]: [@: Set bb18_'s spawn point to (399, 28, -587)]
[02:55:47] [Server thread/INFO]: [@: Set Foxyfolli's spawn point to (398, 28, -554)]
[02:55:47] [Server thread/INFO]: [@: Set Foxyfolli's spawn point to (398, 28, -554)]
[02:55:48] [Server thread/INFO]: [@: Set Foxyfolli's spawn point to (399, 28, -555)]
[02:55:48] [Server thread/INFO]: [@: 24 blocks filled]
[02:55:49] [Server thread/INFO]: [@: 24 blocks filled]
[02:55:50] [Server thread/INFO]: [@: 24 blocks filled]
[02:55:51] [Server thread/INFO]: [@: 24 blocks filled]
[02:55:52] [Server thread/INFO]: [@: 24 blocks filled]
[02:55:54] [Server thread/INFO]: [@: 24 blocks filled]
[02:55:54] [Server thread/INFO]: [@: Set bb18_'s spawn point to (398, 28, -589)]
[02:55:55] [Server thread/INFO]: [@: 24 blocks filled]
[02:55:56] [Server thread/INFO]: [@: 24 blocks filled]
[02:55:57] [Server thread/INFO]: [@: 24 blocks filled]
[02:55:58] [Server thread/INFO]: [@: 24 blocks filled]
[02:56:00] [Server thread/INFO]: [@: 24 blocks filled]
[02:56:01] [Server thread/INFO]: [@: 24 blocks filled]
[02:56:01] [Server thread/INFO]: nicasexy_22 was squashed by a falling anvil
[02:56:02] [Server thread/INFO]: [@: 24 blocks filled]
[02:56:03] [Server thread/INFO]: [@: 24 blocks filled]
[02:56:04] [Server thread/INFO]: [@: Set nicasexy_22's spawn point to (400, 28, -569)]
[02:56:04] [Server thread/INFO]: [@: Set nicasexy_22's spawn point to (400, 28, -569)]
[02:56:04] [Server thread/INFO]: [@: 24 blocks filled]
[02:56:06] [Server thread/INFO]: [@: 24 blocks filled]
[02:56:07] [Server thread/INFO]: [@: 24 blocks filled]
[02:56:08] [Server thread/INFO]: [@: 24 blocks filled]
[02:56:09] [Server thread/INFO]: [@: 24 blocks filled]
[02:56:10] [Server thread/INFO]: [@: 24 blocks filled]
[02:56:12] [Server thread/INFO]: [@: 24 blocks filled]
[02:56:13] [Server thread/INFO]: [@: 24 blocks filled]
[02:56:14] [Server thread/INFO]: [@: 24 blocks filled]
[02:56:15] [Server thread/INFO]: [@: 24 blocks filled]
[02:56:16] [Server thread/INFO]: [@: 24 blocks filled]
[02:56:18] [Server thread/INFO]: [@: 24 blocks filled]
[02:56:18] [Server thread/INFO]: bb18_ fell from a high place
[02:56:19] [Server thread/INFO]: [@: 24 blocks filled]
[02:56:20] [Server thread/INFO]: [@: 24 blocks filled]
[02:56:21] [Server thread/INFO]: [@: 24 blocks filled]
[02:56:22] [Server thread/INFO]: [@: 24 blocks filled]
[02:56:23] [Server thread/INFO]: [@: Set bb18_'s spawn point to (398, 28, -586)]
[02:56:24] [Server thread/INFO]: [@: 24 blocks filled]
[02:56:25] [Server thread/INFO]: [@: Set bb18_'s spawn point to (400, 28, -587)]
[02:56:25] [Server thread/INFO]: [@: Set bb18_'s spawn point to (399, 28, -587)]
[02:56:25] [Server thread/INFO]: [@: 24 blocks filled]
[02:56:26] [Server thread/INFO]: [@: 24 blocks filled]
[02:56:27] [Server thread/INFO]: Fortune smiles upon nicasexy_22! Everyone recieves good luck!
[02:56:27] [Server thread/INFO]: [@: Given Regeneration (ID 10) * 1 to nicasexy_22 for 120 seconds]
[02:56:27] [Server thread/INFO]: [@: Given Regeneration (ID 10) * 1 to bb18_ for 120 seconds]
[02:56:27] [Server thread/INFO]: [@: Given Regeneration (ID 10) * 1 to Foxyfolli for 120 seconds]
[02:56:27] [Server thread/INFO]: [@: 24 blocks filled]
[02:56:28] [Server thread/INFO]: [@: 24 blocks filled]
[02:56:30] [Server thread/INFO]: [@: 24 blocks filled]
[02:56:31] [Server thread/INFO]: [@: 24 blocks filled]
[02:56:32] [Server thread/INFO]: Foxyfolli was slain by Bacon Overlord
[02:56:32] [Server thread/INFO]: [@: 24 blocks filled]
[02:56:33] [Server thread/INFO]: [@: 24 blocks filled]
[02:56:34] [Server thread/INFO]: [@: Set Foxyfolli's spawn point to (399, 28, -555)]
[02:56:34] [Server thread/INFO]: [@: 24 blocks filled]
[02:56:36] [Server thread/INFO]: [@: 24 blocks filled]
[02:56:36] [Server thread/INFO]: [@: Set Foxyfolli's spawn point to (403, 29, -555)]
[02:56:37] [Server thread/INFO]: [@: Set Foxyfolli's spawn point to (401, 29, -553)]
[02:56:37] [Server thread/INFO]: [@: Set Foxyfolli's spawn point to (401, 28, -553)]
[02:56:37] [Server thread/INFO]: [@: 24 blocks filled]
[02:56:37] [Server thread/INFO]: Foxyfolli was slain by Bacon Overlord
[02:56:38] [Server thread/INFO]: [@: Set nicasexy_22's spawn point to (384, 29, -568)]
[02:56:38] [Server thread/INFO]: [@: Set nicasexy_22's spawn point to (384, 29, -568)]
[02:56:38] [Server thread/INFO]: [@: Set nicasexy_22's spawn point to (384, 29, -568)]
[02:56:38] [Server thread/INFO]: [@: 24 blocks filled]
[02:56:39] [Server thread/INFO]: [@: 24 blocks filled]
[02:56:40] [Server thread/INFO]: [@: Set Foxyfolli's spawn point to (401, 28, -553)]
[02:56:40] [Server thread/INFO]: [@: Set Foxyfolli's spawn point to (401, 28, -553)]
[02:56:40] [Server thread/INFO]: [@: 24 blocks filled]
[02:56:41] [Server thread/INFO]: [@: Set Foxyfolli's spawn point to (400, 28, -555)]
[02:56:42] [Server thread/INFO]: [@: 24 blocks filled]
[02:56:42] [Server thread/INFO]: Foxyfolli was slain by Bacon Overlord
[02:56:43] [Server thread/INFO]: [@: 24 blocks filled]
[02:56:44] [Server thread/INFO]: [@: 24 blocks filled]
[02:56:44] [Server thread/INFO]: [@: Set Foxyfolli's spawn point to (400, 28, -555)]
[02:56:44] [Server thread/INFO]: [@: Set Foxyfolli's spawn point to (400, 28, -555)]
[02:56:44] [Server thread/INFO]: [@: Set Foxyfolli's spawn point to (400, 28, -555)]
[02:56:45] [Server thread/INFO]: [@: 24 blocks filled]
[02:56:45] [Server thread/INFO]: [@: Set Foxyfolli's spawn point to (400, 28, -555)]
[02:56:45] [Server thread/INFO]: [@: Set Foxyfolli's spawn point to (400, 28, -555)]
[02:56:46] [Server thread/INFO]: [@: Set Foxyfolli's spawn point to (400, 28, -555)]
[02:56:46] [Server thread/INFO]: [@: 24 blocks filled]
[02:56:47] [Server thread/INFO]: [@: Set Foxyfolli's spawn point to (400, 28, -555)]
[02:56:47] [Server thread/INFO]: Foxyfolli was slain by Bacon Overlord
[02:56:47] [Server thread/INFO]: [@: Set nicasexy_22's spawn point to (386, 30, -568)]
[02:56:47] [Server thread/INFO]: [@: Set nicasexy_22's spawn point to (386, 30, -568)]
[02:56:48] [Server thread/INFO]: [@: 24 blocks filled]
[02:56:49] [Server thread/INFO]: [@: 24 blocks filled]
[02:56:49] [Server thread/INFO]: [@: Set Foxyfolli's spawn point to (400, 28, -555)]
[02:56:50] [Server thread/INFO]: [@: 24 blocks filled]
[02:56:51] [Server thread/INFO]: [@: 24 blocks filled]
[02:56:52] [Server thread/INFO]: [@: 24 blocks filled]
[02:56:54] [Server thread/INFO]: [@: 24 blocks filled]
[02:56:55] [Server thread/INFO]: [@: 24 blocks filled]
[02:56:56] [Server thread/INFO]: [@: 24 blocks filled]
[02:56:57] [Server thread/INFO]: [@: 24 blocks filled]
[02:56:58] [Server thread/INFO]: [@: 24 blocks filled]
[02:57:00] [Server thread/INFO]: [@: 24 blocks filled]
[02:57:01] [Server thread/INFO]: [@: 24 blocks filled]
[02:57:02] [Server thread/INFO]: [@: 24 blocks filled]
[02:57:03] [Server thread/INFO]: [@: 24 blocks filled]
[02:57:04] [Server thread/INFO]: [@: 24 blocks filled]
[02:57:06] [Server thread/INFO]: [@: 24 blocks filled]
[02:57:07] [Server thread/INFO]: [@: 24 blocks filled]
[02:57:08] [Server thread/INFO]: [@: 24 blocks filled]
[02:57:09] [Server thread/INFO]: [@: 24 blocks filled]
[02:57:10] [Server thread/INFO]: [@: 24 blocks filled]
[02:57:12] [Server thread/INFO]: [@: 24 blocks filled]
[02:57:13] [Server thread/INFO]: [@: 24 blocks filled]
[02:57:14] [Server thread/INFO]: [@: 24 blocks filled]
[02:57:15] [Server thread/INFO]: [@: 24 blocks filled]
[02:57:16] [Server thread/INFO]: [@: 24 blocks filled]
[02:57:18] [Server thread/INFO]: [@: 24 blocks filled]
[02:57:19] [Server thread/INFO]: [@: 24 blocks filled]
[02:57:20] [Server thread/INFO]: [@: 24 blocks filled]
[02:57:20] [Server thread/INFO]: nicasexy_22 blew up
[02:57:21] [Server thread/INFO]: [@: 24 blocks filled]
[02:57:22] [Server thread/INFO]: [@: 24 blocks filled]
[02:57:24] [Server thread/INFO]: [@: 24 blocks filled]
[02:57:25] [Server thread/INFO]: [@: 24 blocks filled]
[02:57:26] [Server thread/INFO]: [@: 24 blocks filled]
[02:57:27] [Server thread/INFO]: [@: 24 blocks filled]
[02:57:28] [Server thread/INFO]: [@: 24 blocks filled]
[02:57:30] [Server thread/INFO]: [@: 24 blocks filled]
[02:57:31] [Server thread/INFO]: [@: 24 blocks filled]
[02:57:32] [Server thread/INFO]: [@: 24 blocks filled]
[02:57:33] [Server thread/INFO]: [@: 24 blocks filled]
[02:57:34] [Server thread/INFO]: [@: 24 blocks filled]
[02:57:36] [Server thread/INFO]: [@: 24 blocks filled]
[02:57:37] [Server thread/INFO]: [@: 24 blocks filled]
[02:57:38] [Server thread/INFO]: [@: 24 blocks filled]
[02:57:39] [Server thread/INFO]: [@: 24 blocks filled]
[02:57:40] [Server thread/INFO]: [@: 24 blocks filled]
[02:57:42] [Server thread/INFO]: [@: 24 blocks filled]
[02:57:43] [Server thread/INFO]: [@: 24 blocks filled]
[02:57:44] [Server thread/INFO]: [@: 24 blocks filled]
[02:57:45] [Server thread/INFO]: [@: 24 blocks filled]
[02:57:46] [Server thread/INFO]: [@: 24 blocks filled]
[02:57:48] [Server thread/INFO]: [@: 24 blocks filled]
[02:57:49] [Server thread/INFO]: [@: 24 blocks filled]
[02:57:50] [Server thread/INFO]: [@: 24 blocks filled]
[02:57:51] [Server thread/INFO]: [@: 24 blocks filled]
[02:57:52] [Server thread/INFO]: [@: 24 blocks filled]
[02:57:54] [Server thread/INFO]: [@: 24 blocks filled]
[02:57:55] [Server thread/INFO]: [@: 24 blocks filled]
[02:57:56] [Server thread/INFO]: [@: 24 blocks filled]
[02:57:57] [Server thread/INFO]: [@: 24 blocks filled]
[02:57:58] [Server thread/INFO]: [@: 24 blocks filled]
[02:57:59] [Server thread/INFO]: nicasexy_22 was blown up by Creeper
[02:58:00] [Server thread/INFO]: [@: 24 blocks filled]
[02:58:01] [Server thread/INFO]: [@: 24 blocks filled]
[02:58:02] [Server thread/INFO]: [@: 24 blocks filled]
[02:58:03] [Server thread/INFO]: [@: 24 blocks filled]
[02:58:04] [Server thread/INFO]: [@: 24 blocks filled]
[02:58:06] [Server thread/INFO]: [@: 24 blocks filled]
[02:58:07] [Server thread/INFO]: [@: 24 blocks filled]
[02:58:08] [Server thread/INFO]: [@: 24 blocks filled]
[02:58:08] [Server thread/INFO]: Foxyfolli was blown up by Hug Me
[02:58:09] [Server thread/INFO]: [@: 24 blocks filled]
[02:58:10] [Server thread/INFO]: [@: 24 blocks filled]
[02:58:11] [Server thread/INFO]: [@: Set Foxyfolli's spawn point to (400, 28, -555)]
[02:58:12] [Server thread/INFO]: [@: 24 blocks filled]
[02:58:13] [Server thread/INFO]: [@: 24 blocks filled]
[02:58:14] [Server thread/INFO]: [@: 24 blocks filled]
[02:58:15] [Server thread/INFO]: [@: 24 blocks filled]
[02:58:16] [Server thread/INFO]: [@: 24 blocks filled]
[02:58:18] [Server thread/INFO]: [@: 24 blocks filled]
[02:58:19] [Server thread/INFO]: [@: 24 blocks filled]
[02:58:20] [Server thread/INFO]: [@: 24 blocks filled]
[02:58:21] [Server thread/INFO]: [@: 24 blocks filled]
[02:58:22] [Server thread/INFO]: [@: 24 blocks filled]
[02:58:23] [Server thread/WARN]: Skipping Entity with id happyVillager
[02:58:24] [Server thread/INFO]: [@: 24 blocks filled]
[02:58:25] [Server thread/INFO]: [@: 24 blocks filled]
[02:58:26] [Server thread/INFO]: [@: 24 blocks filled]
[02:58:27] [Server thread/INFO]: [@: 24 blocks filled]
[02:58:28] [Server thread/INFO]: [@: 24 blocks filled]
[02:58:30] [Server thread/INFO]: [@: 24 blocks filled]
[02:58:31] [Server thread/INFO]: [@: 24 blocks filled]
[02:58:32] [Server thread/INFO]: [@: 24 blocks filled]
[02:58:33] [Server thread/INFO]: [@: 24 blocks filled]
[02:58:34] [Server thread/INFO]: [@: 24 blocks filled]
[02:58:36] [Server thread/INFO]: [@: 24 blocks filled]
[02:58:37] [Server thread/INFO]: [@: 24 blocks filled]
[02:58:38] [Server thread/INFO]: [@: 24 blocks filled]
[02:58:39] [Server thread/INFO]: [@: 24 blocks filled]
[02:58:40] [Server thread/INFO]: [@: 24 blocks filled]
[02:58:42] [Server thread/INFO]: [@: 24 blocks filled]
[02:58:43] [Server thread/INFO]: [@: 24 blocks filled]
[02:58:44] [Server thread/INFO]: [@: 24 blocks filled]
[02:58:45] [Server thread/INFO]: [@: 24 blocks filled]
[02:58:46] [Server thread/INFO]: [@: 24 blocks filled]
